<?xml version="1.0" encoding="UTF-8"?>
<testsuite xmlns:xsi="http://www.w3.org/2001/XMLSchema-instance" xsi:noNamespaceSchemaLocation="https://maven.apache.org/surefire/maven-surefire-plugin/xsd/surefire-test-report.xsd" name="tests.SetupTest" time="82.704" tests="6" errors="0" skipped="0" failures="0">
  <properties>
[...]
</properties>
  <testcase name="testOpeningBrowserAndLoadingPage" classname="tests.SetupTest" time="14.753"/>
  <testcase name="testLogin" classname="tests.SetupTest" time="14.112"/>
  <testcase name="testAddProductToProductPage" classname="tests.SetupTest" time="15.766"/>
  <testcase name="testAcessarCategoriaTshirts" classname="tests.SetupTest" time="9.444"/>
  <testcase name="testAddProductToCartPage" classname="tests.SetupTest" time="16.647"/>
  <testcase name="testSearch" classname="tests.SetupTest" time="11.812"/>
</testsuite>